<?xml version="1.0" encoding="UTF-8" ?>
<testsuite errors="0" failures="0" hostname="leo" name="com.bulid.zoan.controllers.HomeControllerTest" skipped="0" tests="1" time="0.248" timestamp="2017-05-31T01:12:40">
  <properties>
    <property name="java.vendor" value="Oracle Corporation" />
    <property name="appserver.lib" value="/home/leo/server/lib" />
    <property name="sun.java.launcher" value="SUN_STANDARD" />
    <property name="sun.management.compiler" value="HotSpot 64-Bit Tiered Compilers" />
    <property name="maven.build.srcDir.0" value="src/main/java" />
    <property name="build.sysclasspath" value="ignore" />
    <property name="os.name" value="Linux" />
    <property name="sun.boot.class.path" value="/usr/lib/jvm/java-8-openjdk-amd64/jre/lib/resources.jar:/usr/lib/jvm/java-8-openjdk-amd64/jre/lib/rt.jar:/usr/lib/jvm/java-8-openjdk-amd64/jre/lib/sunrsasign.jar:/usr/lib/jvm/java-8-openjdk-amd64/jre/lib/jsse.jar:/usr/lib/jvm/java-8-openjdk-amd64/jre/lib/jce.jar:/usr/lib/jvm/java-8-openjdk-amd64/jre/lib/charsets.jar:/usr/lib/jvm/java-8-openjdk-amd64/jre/lib/jfr.jar:/usr/lib/jvm/java-8-openjdk-amd64/jre/classes" />
    <property name="org.aspectj-version" value="1.6.10" />
    <property name="sun.desktop" value="gnome" />
    <property name="java.vm.specification.vendor" value="Oracle Corporation" />
    <property name="ant.home" value="/usr/share/ant" />
    <property name="java.runtime.version" value="1.8.0_131-8u131-b11-0ubuntu1.16.04.2-b11" />
    <property name="maven.build.resourceDir.0" value="src/main/resources" />
    <property name="user.name" value="leo" />
    <property name="tomcat.manager.url" value="http://localhost:8080/zoan" />
    <property name="maven.build.outputDir" value="target/classes" />
    <property name="maven.repo.local" value="/home/leo/.m2/repository" />
    <property name="maven.build.finalName" value="zoan-0.0.1-SNAPSHOT" />
    <property name="maven.build.testDir.0" value="src/test/java" />
    <property name="user.language" value="es" />
    <property name="sun.boot.library.path" value="/usr/lib/jvm/java-8-openjdk-amd64/jre/lib/amd64" />
    <property name="ant.project.default-target" value="package" />
    <property name="maven.reporting.outputDirectory" value="target/site" />
    <property name="ant.project.name" value="zoan" />
    <property name="ant.file.type.zoan-from-maven" value="file" />
    <property name="java.version" value="1.8.0_131" />
    <property name="user.timezone" value="" />
    <property name="sun.arch.data.model" value="64" />
    <property name="org.slf4j-version" value="1.6.6" />
    <property name="java.endorsed.dirs" value="/usr/lib/jvm/java-8-openjdk-amd64/jre/lib/endorsed" />
    <property name="appserver.home" value="/home/leo/server" />
    <property name="sun.cpu.isalist" value="" />
    <property name="sun.jnu.encoding" value="UTF-8" />
    <property name="file.encoding.pkg" value="sun.io" />
    <property name="file.separator" value="/" />
    <property name="java.specification.name" value="Java Platform API Specification" />
    <property name="java.class.version" value="52.0" />
    <property name="user.country" value="VE" />
    <property name="java.home" value="/usr/lib/jvm/java-8-openjdk-amd64/jre" />
    <property name="java.vm.info" value="mixed mode" />
    <property name="ant.file" value="/home/leo/WorkSpaceSTS/zoan/build.xml" />
    <property name="os.version" value="4.4.0-21-generic" />
    <property name="maven.build.testOutputDir" value="target/test-classes" />
    <property name="maven.compiler.target" value="1.8" />
    <property name="tomcat.manager.password" value="tomcat" />
    <property name="path.separator" value=":" />
    <property name="java.vm.version" value="25.131-b11" />
    <property name="maven.build.dir" value="target" />
    <property name="maven.test.reports" value="target/test-reports" />
    <property name="web.dir" value="target/zoan-0.0.1-SNAPSHOT" />
    <property name="ant.library.dir" value="/usr/share/ant/lib" />
    <property name="java.awt.printerjob" value="sun.print.PSPrinterJob" />
    <property name="tomcat.manager.username" value="tomcat" />
    <property name="sun.io.unicode.encoding" value="UnicodeLittle" />
    <property name="awt.toolkit" value="sun.awt.X11.XToolkit" />
    <property name="project.build.outputDirectory" value="target/classes" />
    <property name="ant.file.zoan" value="/home/leo/WorkSpaceSTS/zoan/build.xml" />
    <property name="user.home" value="/home/leo" />
    <property name="ant.file.type.zoan" value="file" />
    <property name="java.specification.vendor" value="Oracle Corporation" />
    <property name="name.web" value="zoan" />
    <property name="java.library.path" value="/usr/java/packages/lib/amd64:/usr/lib/x86_64-linux-gnu/jni:/lib/x86_64-linux-gnu:/usr/lib/x86_64-linux-gnu:/usr/lib/jni:/lib:/usr/lib" />
    <property name="java.vendor.url" value="http://java.oracle.com/" />
    <property name="maven.settings.offline" value="false" />
    <property name="java.vm.vendor" value="Oracle Corporation" />
    <property name="maven.settings.interactiveMode" value="true" />
    <property name="java.runtime.name" value="OpenJDK Runtime Environment" />
    <property name="sun.java.command" value="org.apache.tools.ant.taskdefs.optional.junit.JUnitTestRunner com.bulid.zoan.controllers.HomeControllerTest skipNonTests=false filtertrace=true haltOnError=true haltOnFailure=true formatter=org.apache.tools.ant.taskdefs.optional.junit.SummaryJUnitResultFormatter showoutput=false outputtoformatters=true logfailedtests=true threadid=0 logtestlistenerevents=false formatter=org.apache.tools.ant.taskdefs.optional.junit.XMLJUnitResultFormatter,/home/leo/WorkSpaceSTS/zoan/target/test-reports/TEST-com.bulid.zoan.controllers.HomeControllerTest.xml formatter=org.apache.tools.ant.taskdefs.optional.junit.PlainJUnitResultFormatter crashfile=/home/leo/WorkSpaceSTS/zoan/junitvmwatcher914580305778421768.properties propsfile=/home/leo/WorkSpaceSTS/zoan/junit6536210872292154662.properties" />
    <property name="java.class.path" value="/home/leo/.m2/repository/org/springframework/spring-context/4.3.8.RELEASE/spring-context-4.3.8.RELEASE.jar:/home/leo/.m2/repository/org/springframework/spring-aop/4.3.8.RELEASE/spring-aop-4.3.8.RELEASE.jar:/home/leo/.m2/repository/org/springframework/spring-beans/4.3.8.RELEASE/spring-beans-4.3.8.RELEASE.jar:/home/leo/.m2/repository/org/springframework/spring-core/4.3.8.RELEASE/spring-core-4.3.8.RELEASE.jar:/home/leo/.m2/repository/org/springframework/spring-expression/4.3.8.RELEASE/spring-expression-4.3.8.RELEASE.jar:/home/leo/.m2/repository/org/springframework/spring-webmvc/4.3.8.RELEASE/spring-webmvc-4.3.8.RELEASE.jar:/home/leo/.m2/repository/org/springframework/spring-orm/3.2.1.RELEASE/spring-orm-3.2.1.RELEASE.jar:/home/leo/.m2/repository/aopalliance/aopalliance/1.0/aopalliance-1.0.jar:/home/leo/.m2/repository/org/springframework/spring-tx/4.3.8.RELEASE/spring-tx-4.3.8.RELEASE.jar:/home/leo/.m2/repository/org/springframework/spring-web/4.3.8.RELEASE/spring-web-4.3.8.RELEASE.jar:/home/leo/.m2/repository/org/springframework/spring-jdbc/4.3.8.RELEASE/spring-jdbc-4.3.8.RELEASE.jar:/home/leo/.m2/repository/commons-logging/commons-logging/1.1.1/commons-logging-1.1.1.jar:/home/leo/.m2/repository/org/slf4j/slf4j-api/1.6.6/slf4j-api-1.6.6.jar:/home/leo/.m2/repository/org/slf4j/jcl-over-slf4j/1.6.6/jcl-over-slf4j-1.6.6.jar:/home/leo/.m2/repository/org/slf4j/slf4j-log4j12/1.6.6/slf4j-log4j12-1.6.6.jar:/home/leo/.m2/repository/log4j/log4j/1.2.15/log4j-1.2.15.jar:/home/leo/.m2/repository/javax/servlet/servlet-api/2.5/servlet-api-2.5.jar:/home/leo/.m2/repository/javax/servlet/jsp/jsp-api/2.1/jsp-api-2.1.jar:/home/leo/.m2/repository/javax/servlet/jstl/1.2/jstl-1.2.jar:/home/leo/.m2/repository/org/aspectj/aspectjweaver/1.5.4/aspectjweaver-1.5.4.jar:/home/leo/.m2/repository/postgresql/postgresql/9.1-901-1.jdbc4/postgresql-9.1-901-1.jdbc4.jar:/home/leo/.m2/repository/mysql/mysql-connector-java/6.0.6/mysql-connector-java-6.0.6.jar:/home/leo/.m2/repository/org/hibernate/hibernate-entitymanager/3.6.7.Final/hibernate-entitymanager-3.6.7.Final.jar:/home/leo/.m2/repository/cglib/cglib/2.2/cglib-2.2.jar:/home/leo/.m2/repository/asm/asm/3.1/asm-3.1.jar:/home/leo/.m2/repository/javassist/javassist/3.12.0.GA/javassist-3.12.0.GA.jar:/home/leo/.m2/repository/org/hibernate/javax/persistence/hibernate-jpa-2.0-api/1.0.1.Final/hibernate-jpa-2.0-api-1.0.1.Final.jar:/home/leo/.m2/repository/org/hibernate/hibernate-validator/4.3.0.Final/hibernate-validator-4.3.0.Final.jar:/home/leo/.m2/repository/javax/validation/validation-api/1.0.0.GA/validation-api-1.0.0.GA.jar:/home/leo/.m2/repository/org/jboss/logging/jboss-logging/3.1.0.CR2/jboss-logging-3.1.0.CR2.jar:/home/leo/.m2/repository/org/hibernate/hibernate-commons-annotations/3.3.0.ga/hibernate-commons-annotations-3.3.0.ga.jar:/home/leo/.m2/repository/org/hibernate/hibernate/3.2.1.ga/hibernate-3.2.1.ga.jar:/home/leo/.m2/repository/asm/asm-attrs/1.5.3/asm-attrs-1.5.3.jar:/home/leo/.m2/repository/org/hibernate/hibernate-annotations/3.3.1.GA/hibernate-annotations-3.3.1.GA.jar:/home/leo/.m2/repository/org/hibernate/ejb3-persistence/1.0.1.GA/ejb3-persistence-1.0.1.GA.jar:/home/leo/.m2/repository/org/hibernate/hibernate-core/3.3.2.GA/hibernate-core-3.3.2.GA.jar:/home/leo/.m2/repository/commons-collections/commons-collections/3.1/commons-collections-3.1.jar:/home/leo/.m2/repository/dom4j/dom4j/1.6.1/dom4j-1.6.1.jar:/home/leo/.m2/repository/xml-apis/xml-apis/1.0.b2/xml-apis-1.0.b2.jar:/home/leo/.m2/repository/javax/transaction/jta/1.1/jta-1.1.jar:/home/leo/.m2/repository/org/javassist/javassist/3.18.2-GA/javassist-3.18.2-GA.jar:/home/leo/.m2/repository/commons-dbcp/commons-dbcp/1.3/commons-dbcp-1.3.jar:/home/leo/.m2/repository/commons-pool/commons-pool/1.5.4/commons-pool-1.5.4.jar:/home/leo/.m2/repository/javax/persistence/persistence-api/1.0/persistence-api-1.0.jar:/home/leo/.m2/repository/org/apache/tomcat/tomcat-dbcp/7.0.55/tomcat-dbcp-7.0.55.jar:/home/leo/.m2/repository/com/google/guava/guava/r05/guava-r05.jar:/home/leo/.m2/repository/net/sf/ehcache/ehcache/2.10.3/ehcache-2.10.3.jar:/home/leo/.m2/repository/antlr/antlr/2.7.7/antlr-2.7.7.jar:/home/leo/.m2/repository/junit/junit/3.8.1/junit-3.8.1.jar:/home/leo/WorkSpaceSTS/zoan/target/classes:/home/leo/WorkSpaceSTS/zoan/target/test-classes:/usr/share/ant/lib/junit.jar:/usr/share/java/ant-launcher-1.9.6.jar:/usr/share/ant/lib/ant.jar:/usr/share/ant/lib/ant-junit.jar:/usr/share/ant/lib/ant-junit4.jar" />
    <property name="ant.version" value="Apache Ant(TM) version 1.9.6 compiled on July 8 2015" />
    <property name="project.build.directory" value="target" />
    <property name="java.vm.specification.name" value="Java Virtual Machine Specification" />
    <property name="ant.file.type" value="file" />
    <property name="java.vm.specification.version" value="1.8" />
    <property name="sun.os.patch.level" value="unknown" />
    <property name="sun.cpu.endian" value="little" />
    <property name="java.io.tmpdir" value="/tmp" />
    <property name="junit.present" value="true" />
    <property name="deploy.path" value="/home/leo/server/webapps" />
    <property name="java.vendor.url.bug" value="http://bugreport.sun.com/bugreport/" />
    <property name="maven.compiler.source" value="1.8" />
    <property name="java.awt.graphicsenv" value="sun.awt.X11GraphicsEnvironment" />
    <property name="os.arch" value="amd64" />
    <property name="maven.build.testResourceDir.0" value="src/test/resources" />
    <property name="java.ext.dirs" value="/usr/lib/jvm/java-8-openjdk-amd64/jre/lib/ext:/usr/java/packages/lib/ext" />
    <property name="user.dir" value="/home/leo/WorkSpaceSTS/zoan" />
    <property name="java-version" value="1.8" />
    <property name="line.separator" value="&#xa;" />
    <property name="java.vm.name" value="OpenJDK 64-Bit Server VM" />
    <property name="basedir" value="." />
    <property name="ant.java.version" value="1.8" />
    <property name="ant.core.lib" value="/usr/share/ant/lib/ant.jar" />
    <property name="org.springframework.version" value="4.3.8.RELEASE" />
    <property name="file.encoding" value="UTF-8" />
    <property name="ant.file.zoan-from-maven" value="/home/leo/WorkSpaceSTS/zoan/maven-build.xml" />
    <property name="java.specification.version" value="1.8" />
    <property name="ant.project.invoked-targets" value="package" />
  </properties>
  <testcase classname="com.bulid.zoan.controllers.HomeControllerTest" name="testHandleRequestView" time="0.001" />
  <system-out><![CDATA[]]></system-out>
  <system-err><![CDATA[]]></system-err>
</testsuite>
